<?xml version="1.0" encoding="UTF-8"?>
<testsuite name="edu.isu.cs2235.algorithms.impl.HybridSortTest" tests="3" skipped="0" failures="0" errors="0" timestamp="2019-09-26T09:08:01" hostname="Dypsons-MacBook-Pro.local" time="0.003">
  <properties/>
  <testcase name="testSort" classname="edu.isu.cs2235.algorithms.impl.HybridSortTest" time="0.002"/>
  <testcase name="testSort_2" classname="edu.isu.cs2235.algorithms.impl.HybridSortTest" time="0.001"/>
  <testcase name="testSort_3" classname="edu.isu.cs2235.algorithms.impl.HybridSortTest" time="0.0"/>
  <system-out><![CDATA[]]></system-out>
  <system-err><![CDATA[]]></system-err>
</testsuite>
